[2017-04-28 05:58:05] books-microservice.INFO: Book Created! {"id":6,"name":"Mitologia Nordica","author":"Neil Gaiman"} []
[2017-04-28 05:59:13] books-microservice.INFO: Book Created! {"id":7,"name":"Mitologia Nordica","author":"Neil Gaiman"} []
[2017-04-28 06:05:55] books-microservice.INFO: Book 2 updated! {"id":2,"name":"Sandman Vol02","author":"Neil Gaiman"} []
[2017-04-28 06:06:10] books-microservice.WARNING: Book 12 Not Found [] []
[2017-04-28 06:07:55] books-microservice.INFO: Book 1 not Found [] []
[2017-04-28 06:07:58] books-microservice.INFO: Book 2 not Found [] []
[2017-04-28 06:08:00] books-microservice.INFO: Book 3 deleted {"id":null,"name":"Mitologia Nordica","author":"Neil Gaiman"} []
[2017-04-28 06:08:03] books-microservice.INFO: Book 6 deleted {"id":null,"name":"Mitologia Nordica","author":"Neil Gaiman"} []
[2017-04-28 17:31:42] books-microservice.INFO: Book Created! {"id":2,"name":"Mitologia Nordica","author":"Neil Gaiman"} []
[2017-04-28 19:32:30] books-microservice.INFO: Book Created! {"id":3,"name":"Mitologia Nordica","author":"Neil Gaiman"} []
[2017-04-28 19:32:34] books-microservice.INFO: Book Created! {"id":4,"name":"Mitologia Nordica","author":"Neil Gaiman"} []
[2017-04-28 19:32:34] books-microservice.INFO: Book Created! {"id":5,"name":"Mitologia Nordica","author":"Neil Gaiman"} []
[2017-04-28 19:32:35] books-microservice.INFO: Book Created! {"id":6,"name":"Mitologia Nordica","author":"Neil Gaiman"} []
[2017-04-28 19:32:36] books-microservice.INFO: Book Created! {"id":7,"name":"Mitologia Nordica","author":"Neil Gaiman"} []
[2017-04-28 19:32:36] books-microservice.INFO: Book Created! {"id":8,"name":"Mitologia Nordica","author":"Neil Gaiman"} []
[2017-04-28 19:32:36] books-microservice.INFO: Book Created! {"id":9,"name":"Mitologia Nordica","author":"Neil Gaiman"} []
[2017-04-28 19:32:37] books-microservice.INFO: Book Created! {"id":10,"name":"Mitologia Nordica","author":"Neil Gaiman"} []
[2017-04-28 19:32:37] books-microservice.INFO: Book Created! {"id":11,"name":"Mitologia Nordica","author":"Neil Gaiman"} []
[2017-04-28 19:32:38] books-microservice.INFO: Book Created! {"id":12,"name":"Mitologia Nordica","author":"Neil Gaiman"} []
[2017-04-28 19:32:38] books-microservice.INFO: Book Created! {"id":13,"name":"Mitologia Nordica","author":"Neil Gaiman"} []
[2017-04-28 19:32:39] books-microservice.INFO: Book Created! {"id":14,"name":"Mitologia Nordica","author":"Neil Gaiman"} []
[2017-04-28 19:32:50] books-microservice.WARNING: Book 189 Not Found [] []
[2017-04-28 19:33:05] books-microservice.INFO: Book 12 deleted {"id":null,"name":"Mitologia Nordica","author":"Neil Gaiman"} []
[2017-04-28 19:33:09] books-microservice.INFO: Book 12 not Found [] []
[2017-04-28 19:33:19] books-microservice.INFO: Book 2 updated! {"id":2,"name":"Sandman Vol02","author":"Neil Gaiman"} []
[2018-06-11 21:54:35] books-microservice.INFO: User Created! {"id":null,"name":"Luis Gustavo Miara","password":"123456"} []
[2018-06-15 20:32:46] books-microservice.INFO: User Created! {"id":null,"name":"Luis Gustavo Miara","email":"luisgustavomiara@gmail.com","password":"123456"} []
[2018-06-15 20:33:44] books-microservice.INFO: User Created! {"id":null,"name":"Tamyres","email":"tamyres@gmail.com","password":"123456"} []
[2018-06-15 20:34:00] books-microservice.INFO: User Created! {"id":null,"name":"Anderson","email":"anderson@gmail.com","password":"123456"} []
[2018-06-15 20:53:07] books-microservice.WARNING: User 1 Not Found [] []
[2018-06-15 21:47:55] books-microservice.WARNING: User 1 Not Found [] []
[2018-06-15 21:47:57] books-microservice.WARNING: User 1 Not Found [] []
[2018-06-15 21:48:11] books-microservice.INFO: User View! {"id":2,"name":"Tamyres","email":"tamyres@gmail.com","password":"123456"} []
[2018-06-16 12:12:34] books-microservice.WARNING: Event 1 Not Found [] []
[2018-06-16 12:20:43] books-microservice.INFO: Event Created! {"id":null,"company":"AELT-Corporation","nameEvent":"Bagaçando em PHP","email":"noreply@aeltcorporation.com","firstName":"Eduardo","lastName":"Queiroz","adress":"Avenida Alberto Carazai,460","city":"Cornélio Procópio","country":"Brasil","tags":"PHP;Code;API;BackEnd","about":"Php course for api"} []
[2018-06-16 12:20:58] books-microservice.INFO: Event View! {"id":1,"company":"AELT-Corporation","nameEvent":"Bagaçando em PHP","email":"noreply@aeltcorporation.com","firstName":"Eduardo","lastName":"Queiroz","adress":"Avenida Alberto Carazai,460","city":"Cornélio Procópio","country":"Brasil","tags":"PHP;Code;API;BackEnd","about":"Php course for api"} []
[2018-06-16 12:43:39] books-microservice.INFO: User Created! {"id":null,"name":"Anderson","email":"anderson@gmail.com","password":"123456"} []
[2018-06-16 12:44:03] books-microservice.INFO: User Created! {"id":null,"name":"Tamyres","email":"tamyres@gmail.com","password":"123456"} []
[2018-06-16 12:44:49] books-microservice.WARNING: Event 1 Not Found [] []
[2018-06-16 12:44:58] books-microservice.INFO: Event Created! {"id":null,"company":"AELT-Corporation","nameEvent":"Bagaçando em PHP","createdAt":"2","date":"1466080380","email":"noreply@aeltcorporation.com","firstName":"Eduardo","lastName":"Queiroz","adress":"Avenida Alberto Carazai,460","city":"Cornélio Procópio","country":"Brasil","tags":"PHP;Code;API;BackEnd","about":"Php course for api"} []
[2018-06-16 13:28:25] books-microservice.INFO: Event View! {"id":1,"company":"AELT-Corporation","nameEvent":"Bagaçando em PHP","createdAt":"2","date":"1466080380","email":"noreply@aeltcorporation.com","firstName":"Eduardo","lastName":"Queiroz","adress":"Avenida Alberto Carazai,460","city":"Cornélio Procópio","country":"Brasil","tags":"PHP;Code;API;BackEnd","about":"Php course for api"} []
[2018-06-16 13:31:06] books-microservice.WARNING: User 2 Not Found [] []
[2018-06-16 13:37:38] books-microservice.INFO: User Created! {"id":null,"firstName":"Tamyres","lastName":"Yukari Ono","area":"Design","email":"tamyres@gmail.com","password":"123456","company":"AELT-Corporation","country":"Brasil","city":"Cornélio Procópio","github":"https://github.com/TamyUTF","office":"Developer"} []
[2018-06-16 13:38:44] books-microservice.INFO: Event Created! {"id":null,"company":"AELT-Corporation","nameEvent":"Bagaçando em PHP","createdAt":"1","date":"1466080380","email":"noreply@aeltcorporation.com","firstName":"Eduardo","lastName":"Queiroz","adress":"Avenida Alberto Carazai,460","city":"Cornélio Procópio","country":"Brasil","tags":"PHP;Code;API;BackEnd","about":"Php course for api"} []
[2018-06-16 14:33:17] books-microservice.INFO: Event Created! {"id":null,"company":"AELT-Corporation","nameEvent":"Bagaçando em PHP","createdAt":"1","date":"1466080380","email":"noreply@aeltcorporation.com","firstName":"Eduardo","lastName":"Queiroz","adress":"Avenida Alberto Carazai,460","city":"Cornélio Procópio","country":"Brasil","tags":"PHP;Code;API;BackEnd","about":"Php course for api"} []
[2018-06-16 14:49:46] books-microservice.INFO: Participation Created! {"id":null,"idUser":"1","idEvent":"1","status":"pending"} []
[2018-06-16 15:02:47] books-microservice.INFO: Event Created! {"id":null,"company":"AELT-Corporation","nameEvent":"Bagaçando em JS","createdAt":"1","date":"1466080380","email":"noreply@aeltcorporation.com","firstName":"Tamyres","lastName":"Yukari Ono","adress":"Avenida Alberto Carazai,460","city":"Cornélio Procópio","country":"Brasil","tags":"JS;Code;","about":"JS Course"} []
[2018-06-16 15:03:12] books-microservice.INFO: Participation Created! {"id":null,"idUser":"1","idEvent":"2","status":"Reject"} []
